<?xml version="1.0" encoding="utf-8" standalone="no"?>
<!--This file represents the results of running a test suite-->
<test-results name="D:\programming\c#\RuleChecker\RuleChecker\RuleChecker.sln" total="35" errors="0" failures="0" not-run="0" inconclusive="0" ignored="0" skipped="0" invalid="0" date="2013-11-03" time="02:17:35">
  <environment nunit-version="2.6.2.12296" clr-version="2.0.50727.5472" os-version="Microsoft Windows NT 6.1.7601 Service Pack 1" platform="Win32NT" cwd="D:\program_files\Nunit\bin" machine-name="HIROAKI-PC" user="Hiroaki" user-domain="Hiroaki-PC" />
  <culture-info current-culture="ja-JP" current-uiculture="ja-JP" />
  <test-suite type="Project" name="D:\programming\c#\RuleChecker\RuleChecker\RuleChecker.sln" executed="True" result="Success" success="True" time="0.512" asserts="0">
    <results>
      <test-suite type="Assembly" name="D:\programming\c#\RuleChecker\RuleChecker\RuleCheckerMain\bin\Debug\RuleCheckerMain.exe" executed="True" result="Inconclusive" success="False" time="0.003" asserts="0" />
      <test-suite type="Assembly" name="D:\programming\c#\RuleChecker\RuleChecker\RuleCheckerTest\bin\Debug\SQLRuleCheckerTest.exe" executed="True" result="Success" success="True" time="0.485" asserts="0">
        <results>
          <test-suite type="Namespace" name="SqlCheckerTest" executed="True" result="Success" success="True" time="0.484" asserts="0">
            <results>
              <test-suite type="TestFixture" name="NotificationListTest" executed="True" result="Success" success="True" time="0.044" asserts="0">
                <results>
                  <test-case name="SqlCheckerTest.NotificationListTest.TestAddNotification" executed="True" result="Success" success="True" time="0.028" asserts="3" />
                  <test-case name="SqlCheckerTest.NotificationListTest.TestConstructor" executed="True" result="Success" success="True" time="0.001" asserts="1" />
                </results>
              </test-suite>
              <test-suite type="TestFixture" name="TableNameDeclareCheckVisitorTest" executed="True" result="Success" success="True" time="0.413" asserts="0">
                <results>
                  <test-case name="SqlCheckerTest.TableNameDeclareCheckVisitorTest.TestDeleteSimple" executed="True" result="Success" success="True" time="0.155" asserts="1" />
                  <test-case name="SqlCheckerTest.TableNameDeclareCheckVisitorTest.TestDeleteSimpleWithWhere" executed="True" result="Success" success="True" time="0.034" asserts="1" />
                  <test-case name="SqlCheckerTest.TableNameDeclareCheckVisitorTest.TestInsertSimple" executed="True" result="Success" success="True" time="0.022" asserts="1" />
                  <test-case name="SqlCheckerTest.TableNameDeclareCheckVisitorTest.TestSelectFromOtherSelectJoinTable" executed="True" result="Success" success="True" time="0.077" asserts="3" />
                  <test-case name="SqlCheckerTest.TableNameDeclareCheckVisitorTest.TestSelectFromOtherSelectJoinTableWithAggregateFunction" executed="True" result="Success" success="True" time="0.006" asserts="3" />
                  <test-case name="SqlCheckerTest.TableNameDeclareCheckVisitorTest.TestSelectFromOtherSelectJoinTableWithGroup" executed="True" result="Success" success="True" time="0.015" asserts="3" />
                  <test-case name="SqlCheckerTest.TableNameDeclareCheckVisitorTest.TestSelectFromOtherSelectJoinTableWithHaving" executed="True" result="Success" success="True" time="0.003" asserts="3" />
                  <test-case name="SqlCheckerTest.TableNameDeclareCheckVisitorTest.TestSelectFromOtherSelectJoinTableWithOrder" executed="True" result="Success" success="True" time="0.010" asserts="3" />
                  <test-case name="SqlCheckerTest.TableNameDeclareCheckVisitorTest.TestSelectFromOtherSelectJoinTableWithWhere" executed="True" result="Success" success="True" time="0.002" asserts="3" />
                  <test-case name="SqlCheckerTest.TableNameDeclareCheckVisitorTest.TestSelectFromOtherSelectTableSimple" executed="True" result="Success" success="True" time="0.001" asserts="1" />
                  <test-case name="SqlCheckerTest.TableNameDeclareCheckVisitorTest.TestSelectJoinWithAggregateFunction" executed="True" result="Success" success="True" time="0.001" asserts="3" />
                  <test-case name="SqlCheckerTest.TableNameDeclareCheckVisitorTest.TestSelectJoinWithGroup" executed="True" result="Success" success="True" time="0.001" asserts="3" />
                  <test-case name="SqlCheckerTest.TableNameDeclareCheckVisitorTest.TestSelectJoinWithHaving" executed="True" result="Success" success="True" time="0.001" asserts="3" />
                  <test-case name="SqlCheckerTest.TableNameDeclareCheckVisitorTest.TestSelectJoinWithOrder" executed="True" result="Success" success="True" time="0.001" asserts="3" />
                  <test-case name="SqlCheckerTest.TableNameDeclareCheckVisitorTest.TestSelectJoinWithScalarFunction" executed="True" result="Success" success="True" time="0.005" asserts="1" />
                  <test-case name="SqlCheckerTest.TableNameDeclareCheckVisitorTest.TestSelectJoinWithScalarFunctionNotDeclaringSchemaName" executed="True" result="Success" success="True" time="0.001" asserts="1" />
                  <test-case name="SqlCheckerTest.TableNameDeclareCheckVisitorTest.TestSelectJoinWithTableValuedFunction" executed="True" result="Success" success="True" time="0.002" asserts="1" />
                  <test-case name="SqlCheckerTest.TableNameDeclareCheckVisitorTest.TestSelectJoinWithTableValuedFunctionNotDeclaringSchemaName" executed="True" result="Success" success="True" time="0.001" asserts="1" />
                  <test-case name="SqlCheckerTest.TableNameDeclareCheckVisitorTest.TestSelectJoinWithWhere" executed="True" result="Success" success="True" time="0.001" asserts="3" />
                  <test-case name="SqlCheckerTest.TableNameDeclareCheckVisitorTest.TestSelectSimple" executed="True" result="Success" success="True" time="0.001" asserts="1" />
                  <test-case name="SqlCheckerTest.TableNameDeclareCheckVisitorTest.TestSelectSimpleJoin" executed="True" result="Success" success="True" time="0.001" asserts="3" />
                  <test-case name="SqlCheckerTest.TableNameDeclareCheckVisitorTest.TestSelectSimpleWithAggregateFunction" executed="True" result="Success" success="True" time="0.001" asserts="1" />
                  <test-case name="SqlCheckerTest.TableNameDeclareCheckVisitorTest.TestSelectSimpleWithGroup" executed="True" result="Success" success="True" time="0.000" asserts="1" />
                  <test-case name="SqlCheckerTest.TableNameDeclareCheckVisitorTest.TestSelectSimpleWithHaving" executed="True" result="Success" success="True" time="0.001" asserts="1" />
                  <test-case name="SqlCheckerTest.TableNameDeclareCheckVisitorTest.TestSelectSimpleWithOrder" executed="True" result="Success" success="True" time="0.001" asserts="1" />
                  <test-case name="SqlCheckerTest.TableNameDeclareCheckVisitorTest.TestSelectSimpleWithWhere" executed="True" result="Success" success="True" time="0.000" asserts="1" />
                  <test-case name="SqlCheckerTest.TableNameDeclareCheckVisitorTest.TestSelectWithExcept" executed="True" result="Success" success="True" time="0.002" asserts="3" />
                  <test-case name="SqlCheckerTest.TableNameDeclareCheckVisitorTest.TestSelectWithIntersect" executed="True" result="Success" success="True" time="0.001" asserts="3" />
                  <test-case name="SqlCheckerTest.TableNameDeclareCheckVisitorTest.TestSelectWithUnion" executed="True" result="Success" success="True" time="0.001" asserts="3" />
                  <test-case name="SqlCheckerTest.TableNameDeclareCheckVisitorTest.TestUpdateFromJoinSimple" executed="True" result="Success" success="True" time="0.011" asserts="3" />
                  <test-case name="SqlCheckerTest.TableNameDeclareCheckVisitorTest.TestUpdateFromJoinWithWhere" executed="True" result="Success" success="True" time="0.001" asserts="3" />
                  <test-case name="SqlCheckerTest.TableNameDeclareCheckVisitorTest.TestUpdateSimple" executed="True" result="Success" success="True" time="0.001" asserts="1" />
                  <test-case name="SqlCheckerTest.TableNameDeclareCheckVisitorTest.TestUpdateSimpleWithWhere" executed="True" result="Success" success="True" time="0.000" asserts="1" />
                </results>
              </test-suite>
            </results>
          </test-suite>
        </results>
      </test-suite>
    </results>
  </test-suite>
</test-results>